TN:
SF:src\domain\index.ts
FNF:0
FNH:0
DA:1,6
DA:2,6
DA:4,6
DA:5,6
DA:7,6
DA:8,6
DA:9,6
DA:10,6
DA:11,6
DA:12,6
DA:13,6
LF:11
LH:11
BRF:0
BRH:0
end_of_record
TN:
SF:src\domain\entities\exercise.entity.ts
FN:8,(anonymous_0)
FNF:1
FNH:1
FNDA:7,(anonymous_0)
DA:8,7
DA:9,7
DA:10,7
DA:11,7
DA:12,7
DA:13,7
DA:14,7
DA:15,7
DA:16,7
DA:17,7
LF:10
LH:10
BRDA:8,0,0,7
BRDA:8,0,1,7
BRF:2
BRH:2
end_of_record
TN:
SF:src\domain\use-cases\auth\login-user.use-case.ts
FN:6,(anonymous_1)
FN:8,(anonymous_2)
FNF:2
FNH:2
FNDA:3,(anonymous_1)
FNDA:3,(anonymous_2)
DA:1,6
DA:2,6
DA:5,6
DA:6,3
DA:9,3
DA:10,3
DA:11,1
DA:15,2
DA:16,2
DA:17,1
DA:21,1
DA:27,1
LF:12
LH:12
BRDA:10,0,0,1
BRDA:16,1,0,1
BRF:2
BRH:2
end_of_record
TN:
SF:src\domain\use-cases\auth\register-user.use-case.ts
FN:6,(anonymous_1)
FN:8,(anonymous_2)
FNF:2
FNH:2
FNDA:2,(anonymous_1)
FNDA:2,(anonymous_2)
DA:2,6
DA:5,6
DA:6,2
DA:9,2
DA:10,2
DA:11,1
DA:15,1
DA:17,1
DA:19,1
LF:9
LH:9
BRDA:10,0,0,1
BRF:1
BRH:1
end_of_record
TN:
SF:src\domain\use-cases\exercise\create-exercise.use-case.ts
FN:4,(anonymous_0)
FN:6,(anonymous_1)
FN:15,(anonymous_2)
FNF:3
FNH:3
FNDA:3,(anonymous_0)
FNDA:3,(anonymous_1)
FNDA:2,(anonymous_2)
DA:1,6
DA:3,6
DA:4,3
DA:8,3
DA:9,1
DA:12,2
DA:14,2
DA:15,2
DA:18,2
DA:19,1
DA:23,1
LF:11
LH:11
BRDA:8,0,0,1
BRDA:8,1,0,3
BRDA:8,1,1,3
BRDA:18,2,0,1
BRF:4
BRH:4
end_of_record
TN:
SF:src\domain\use-cases\exercise\delete-exercise.use-case.ts
FN:4,(anonymous_0)
FN:6,(anonymous_1)
FNF:2
FNH:2
FNDA:2,(anonymous_0)
FNDA:2,(anonymous_1)
DA:3,6
DA:4,2
DA:7,2
DA:8,2
DA:9,1
DA:11,1
LF:6
LH:6
BRDA:8,0,0,1
BRF:1
BRH:1
end_of_record
TN:
SF:src\domain\use-cases\exercise\getAll-exercise.use-case.ts
FN:6,(anonymous_0)
FN:8,(anonymous_1)
FNF:2
FNH:2
FNDA:2,(anonymous_0)
FNDA:2,(anonymous_1)
DA:5,7
DA:6,2
DA:9,2
DA:10,1
DA:13,1
LF:5
LH:5
BRDA:9,0,0,1
BRF:1
BRH:1
end_of_record
TN:
SF:src\domain\use-cases\exercise\getById-exercise.use-case.ts
FN:5,(anonymous_0)
FN:7,(anonymous_1)
FNF:2
FNH:2
FNDA:2,(anonymous_0)
FNDA:2,(anonymous_1)
DA:4,6
DA:5,2
DA:8,2
LF:3
LH:3
BRF:0
BRH:0
end_of_record
TN:
SF:src\domain\use-cases\exercise\update-exercise.use-case.ts
FN:4,(anonymous_0)
FN:6,(anonymous_1)
FN:12,(anonymous_2)
FNF:3
FNH:3
FNDA:3,(anonymous_0)
FNDA:3,(anonymous_1)
FNDA:2,(anonymous_2)
DA:1,6
DA:3,6
DA:4,3
DA:8,3
DA:9,2
DA:11,2
DA:12,2
DA:15,2
DA:16,1
DA:20,2
DA:21,2
DA:22,1
DA:26,1
DA:29,1
LF:14
LH:14
BRDA:8,0,0,2
BRDA:15,1,0,1
BRDA:21,2,0,1
BRF:3
BRH:3
end_of_record
